* Hostname in DNS cache was stale, zapped
*   Trying 66.185.182.49...
* TCP_NODELAY set
* Connected to apitest.cybersource.com (66.185.182.49) port 443 (#0)
* ALPN, offering http/1.1
* successfully set certificate verify locations:
*   CAfile: /var/www/trust/cert/cacert.pem
  CApath: /etc/ssl/certs
* SSL connection using TLSv1.2 / AES256-GCM-SHA384
* ALPN, server did not agree to a protocol
* Server certificate:
*  subject: C=US; ST=California; L=Foster City; jurisdictionC=US; jurisdictionST=Delaware; O=Cybersource Corporation; businessCategory=Private Organization; serialNumber=2838921; CN=apitest.cybersource.com
*  start date: Jan 18 20:14:02 2019 GMT
*  expire date: Feb 15 20:44:00 2021 GMT
*  subjectAltName: host "apitest.cybersource.com" matched cert's "apitest.cybersource.com"
*  issuer: C=US; O=Entrust, Inc.; OU=See www.entrust.net/legal-terms; OU=(c) 2014 Entrust, Inc. - for authorized use only; CN=Entrust Certification Authority - L1M
*  SSL certificate verify ok.
> POST /pts/v2/payments/ HTTP/1.1
Host:apitest.cybersource.com
User-Agent: Swagger-Codegen/1.0.0/php
Accept: */*
Content-Type: application/json
v-c-client-id:cybs-rest-sdk-php-0.0.13
Date:Mon, 25 May 2020 10:32:19 GMT
v-c-merchant-id:trevor_uehlin
Digest:SHA-256=autOs6pi0vNtX9M2QVhJ6d+qWXYqOfGpkTaVSwD1/eU=
Signature:keyid="97db7d6d-219e-47b5-a2b6-54c0906131b1", algorithm="HmacSHA256", headers="host date (request-target) digest v-c-merchant-id", signature="NTBQAYUlMx5sgSlddRmBd8vmjXSwt5SJxR6kCWZ5SKg="
Content-Length: 152

* upload completely sent off: 152 out of 152 bytes
< HTTP/1.1 201 Created
< Content-Type: application/hal+json
< Content-Length: 740
< X-Cnection: close
< x-response-time: 411ms
< Strict-Transport-Security: max-age=31536000
< v-c-correlation-id: 8d208a3d-5587-43c0-8e78-d8d7b4f5616a
< 
* Connection #0 to host apitest.cybersource.com left intact
